[debug] [2023-08-29T21:27:47.765Z] ----------------------------------------------------------------------
[debug] [2023-08-29T21:27:47.767Z] Command:       C:\Program Files\nodejs\node.exe C:\Users\jesus\AppData\Roaming\npm\node_modules\firebase-tools\lib\bin\firebase.js init
[debug] [2023-08-29T21:27:47.768Z] CLI Version:   12.5.2
[debug] [2023-08-29T21:27:47.768Z] Platform:      win32
[debug] [2023-08-29T21:27:47.768Z] Node Version:  v18.17.1
[debug] [2023-08-29T21:27:47.769Z] Time:          Tue Aug 29 2023 14:27:47 GMT-0700 (Pacific Daylight Time)
[debug] [2023-08-29T21:27:47.769Z] ----------------------------------------------------------------------
[debug] 
[debug] [2023-08-29T21:27:47.777Z] > command requires scopes: ["email","openid","https://www.googleapis.com/auth/cloudplatformprojects.readonly","https://www.googleapis.com/auth/firebase","https://www.googleapis.com/auth/cloud-platform"]
[debug] [2023-08-29T21:27:47.777Z] > authorizing via signed-in user (jackson2k11@gmail.com)
[info] 
     ######## #### ########  ######## ########     ###     ######  ########
     ##        ##  ##     ## ##       ##     ##  ##   ##  ##       ##
     ######    ##  ########  ######   ########  #########  ######  ######
     ##        ##  ##    ##  ##       ##     ## ##     ##       ## ##
     ##       #### ##     ## ######## ########  ##     ##  ######  ########

You're about to initialize a Firebase project in this directory:

  C:\Users\jesus\basics\firebase-course

[info] 
=== Project Setup
[info] 
[info] First, let's associate this project directory with a Firebase project.
[info] You can create multiple project aliases by running firebase use --add, 
[info] but for now we'll just set up a default project.
[info] 
[debug] [2023-08-29T21:28:10.321Z] > refreshing access token with scopes: []
[debug] [2023-08-29T21:28:10.324Z] >>> [apiv2][query] POST https://www.googleapis.com/oauth2/v3/token [none]
[debug] [2023-08-29T21:28:10.324Z] >>> [apiv2][body] POST https://www.googleapis.com/oauth2/v3/token [omitted]
[debug] [2023-08-29T21:28:10.675Z] <<< [apiv2][status] POST https://www.googleapis.com/oauth2/v3/token 200
[debug] [2023-08-29T21:28:10.675Z] <<< [apiv2][body] POST https://www.googleapis.com/oauth2/v3/token [omitted]
[debug] [2023-08-29T21:28:10.687Z] >>> [apiv2][query] GET https://firebase.googleapis.com/v1beta1/projects pageSize=100
[debug] [2023-08-29T21:28:11.228Z] <<< [apiv2][status] GET https://firebase.googleapis.com/v1beta1/projects 200
[debug] [2023-08-29T21:28:11.228Z] <<< [apiv2][body] GET https://firebase.googleapis.com/v1beta1/projects [omitted]
[info] i  Using project fir-course-61191 (firebase-course) 
[info] 
=== Hosting Setup
[info] 
[info] Your public directory is the folder (relative to your project directory) that
[info] will contain Hosting assets to be uploaded with firebase deploy. If you
[info] have a build process for your assets, use your build's output directory.
[info] 
[info] +  Wrote public/404.html 
[debug] [2023-08-29T21:29:37.860Z] >>> [apiv2][query] GET https://www.gstatic.com/firebasejs/releases.json [none]
[debug] [2023-08-29T21:29:38.128Z] <<< [apiv2][status] GET https://www.gstatic.com/firebasejs/releases.json 200
[debug] [2023-08-29T21:29:38.129Z] <<< [apiv2][body] GET https://www.gstatic.com/firebasejs/releases.json {"current":{"version":"10.3.0","browserURL":"https://www.gstatic.com/firebasejs/10.3.0/firebase.js","packageURL":"https://www.gstatic.com/firebasejs/10.3.0/firebase.tgz"},"live":{"version":"10.3","browserURL":"https://www.gstatic.com/firebasejs/live/10.3/firebase.js","packageURL":"https://www.gstatic.com/firebasejs/live/10.3/firebase.tgz"},"components":{"analytics":"https://www.gstatic.com/firebasejs/10.3.0/firebase-analytics.js","app":"https://www.gstatic.com/firebasejs/10.3.0/firebase-app.js","app-check":"https://www.gstatic.com/firebasejs/10.3.0/firebase-app-check.js","auth":"https://www.gstatic.com/firebasejs/10.3.0/firebase-auth.js","auth/cordova":"https://www.gstatic.com/firebasejs/10.3.0/firebase-auth/cordova.js","functions":"https://www.gstatic.com/firebasejs/10.3.0/firebase-functions.js","firestore":"https://www.gstatic.com/firebasejs/10.3.0/firebase-firestore.js","firestore/lite":"https://www.gstatic.com/firebasejs/10.3.0/firebase-firestore/lite.js","installations":"https://www.gstatic.com/firebasejs/10.3.0/firebase-installations.js","storage":"https://www.gstatic.com/firebasejs/10.3.0/firebase-storage.js","performance":"https://www.gstatic.com/firebasejs/10.3.0/firebase-performance.js","remote-config":"https://www.gstatic.com/firebasejs/10.3.0/firebase-remote-config.js","messaging":"https://www.gstatic.com/firebasejs/10.3.0/firebase-messaging.js","messaging/sw":"https://www.gstatic.com/firebasejs/10.3.0/firebase-messaging/sw.js","database":"https://www.gstatic.com/firebasejs/10.3.0/firebase-database.js","firestore.memory":"https://www.gstatic.com/firebasejs/10.3.0/firebase-firestore.memory.js"}}
[info] i  Skipping write of public/index.html 
[info] 
[info] i  Detected a .git folder at C:\Users\jesus 
[info] i  Authorizing with GitHub to upload your service account to a GitHub repository's secrets store. 
[info] 
[info] Visit this URL on this device to log in:
[info] https://github.com/login/oauth/authorize?client_id=89cf50f02ac6aaed3484&state=336939888&redirect_uri=http%3A%2F%2Flocalhost%3A9005&scope=read%3Auser%20repo%20public_repo
[info] 
[info] Waiting for authentication...
[debug] [2023-08-29T21:29:58.011Z] >>> [apiv2][query] POST https://github.com/login/oauth/access_token [none]
[debug] [2023-08-29T21:29:58.011Z] >>> [apiv2][body] POST https://github.com/login/oauth/access_token [stream]
[debug] [2023-08-29T21:29:58.354Z] <<< [apiv2][status] POST https://github.com/login/oauth/access_token 200
[debug] [2023-08-29T21:29:58.354Z] <<< [apiv2][body] POST https://github.com/login/oauth/access_token {"access_token":"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","token_type":"bearer","scope":"read:user,repo"}
[debug] [2023-08-29T21:29:58.360Z] >>> [apiv2][query] GET https://api.github.com/user [none]
[debug] [2023-08-29T21:29:58.734Z] <<< [apiv2][status] GET https://api.github.com/user 200
[debug] [2023-08-29T21:29:58.734Z] <<< [apiv2][body] GET https://api.github.com/user {"login":"nicklez5","id":43692287,"node_id":"MDQ6VXNlcjQzNjkyMjg3","avatar_url":"https://avatars.githubusercontent.com/u/43692287?v=4","gravatar_id":"","url":"https://api.github.com/users/nicklez5","html_url":"https://github.com/nicklez5","followers_url":"https://api.github.com/users/nicklez5/followers","following_url":"https://api.github.com/users/nicklez5/following{/other_user}","gists_url":"https://api.github.com/users/nicklez5/gists{/gist_id}","starred_url":"https://api.github.com/users/nicklez5/starred{/owner}{/repo}","subscriptions_url":"https://api.github.com/users/nicklez5/subscriptions","organizations_url":"https://api.github.com/users/nicklez5/orgs","repos_url":"https://api.github.com/users/nicklez5/repos","events_url":"https://api.github.com/users/nicklez5/events{/privacy}","received_events_url":"https://api.github.com/users/nicklez5/received_events","type":"User","site_admin":false,"name":"Jackson Lu","company":null,"blog":"","location":"Los Angeles","email":null,"hireable":null,"bio":null,"twitter_username":null,"public_repos":52,"public_gists":0,"followers":0,"following":0,"created_at":"2018-09-29T04:03:07Z","updated_at":"2023-07-04T00:57:40Z","private_gists":0,"total_private_repos":6,"owned_private_repos":6,"disk_usage":387544,"collaborators":0,"two_factor_authentication":false,"plan":{"name":"free","space":976562499,"collaborators":0,"private_repos":10000}}
[info] 
[info] +  Success! Logged into GitHub as nicklez5 
[info] 
